2022-01-24 18:33:08.675 [vert.x-eventloop-thread-0] ERROR i.v.c.impl.launcher.commands.VertxIsolatedDeployer - Failed in deploying verticle
java.lang.NoClassDefFoundError: javax/validation/ValidatorFactory
	at java.base/java.lang.Class.getDeclaredMethods0(Native Method)
	at java.base/java.lang.Class.privateGetDeclaredMethods(Class.java:3402)
	at java.base/java.lang.Class.getMethodsRecursive(Class.java:3543)
	at java.base/java.lang.Class.getMethod0(Class.java:3529)
	at java.base/java.lang.Class.getMethod(Class.java:2225)
	at org.hibernate.cfg.beanvalidation.BeanValidationIntegrator.integrate(BeanValidationIntegrator.java:113)
	at org.hibernate.internal.SessionFactoryImpl.<init>(SessionFactoryImpl.java:300)
	at org.hibernate.reactive.session.impl.ReactiveSessionFactoryImpl.<init>(ReactiveSessionFactoryImpl.java:33)
	at org.hibernate.reactive.provider.service.ReactiveSessionFactoryBuilder.build(ReactiveSessionFactoryBuilder.java:52)
	at org.hibernate.reactive.provider.impl.ReactiveEntityManagerFactoryBuilder.build(ReactiveEntityManagerFactoryBuilder.java:63)
	at org.hibernate.reactive.provider.ReactivePersistenceProvider.createEntityManagerFactory(ReactivePersistenceProvider.java:53)
	at javax.persistence.Persistence.createEntityManagerFactory(Persistence.java:79)
	at javax.persistence.Persistence.createEntityManagerFactory(Persistence.java:54)
	at l.y.reactive.database.DatabaseVerticle.initEmf$lambda-4(DatabaseVerticle.kt:48)
	at io.vertx.core.impl.ContextImpl.lambda$null$0(ContextImpl.java:159)
	at io.vertx.core.impl.AbstractContext.dispatch(AbstractContext.java:100)
	at io.vertx.core.impl.ContextImpl.lambda$executeBlocking$1(ContextImpl.java:157)
	at io.vertx.core.impl.TaskQueue.run(TaskQueue.java:76)
	at java.base/java.util.concurrent.ThreadPoolExecutor.runWorker(ThreadPoolExecutor.java:1136)
	at java.base/java.util.concurrent.ThreadPoolExecutor$Worker.run(ThreadPoolExecutor.java:635)
	at io.netty.util.concurrent.FastThreadLocalRunnable.run(FastThreadLocalRunnable.java:30)
	at java.base/java.lang.Thread.run(Thread.java:833)
Caused by: java.lang.ClassNotFoundException: javax.validation.ValidatorFactory
	at java.base/jdk.internal.loader.BuiltinClassLoader.loadClass(BuiltinClassLoader.java:641)
	at java.base/jdk.internal.loader.ClassLoaders$AppClassLoader.loadClass(ClassLoaders.java:188)
	at java.base/java.lang.ClassLoader.loadClass(ClassLoader.java:520)
	... 22 common frames omitted
2022-01-24 18:33:42.932 [vert.x-eventloop-thread-0] ERROR i.v.c.impl.launcher.commands.VertxIsolatedDeployer - Failed in deploying verticle
java.lang.NoClassDefFoundError: javax/validation/ValidatorFactory
	at java.base/java.lang.Class.getDeclaredMethods0(Native Method)
	at java.base/java.lang.Class.privateGetDeclaredMethods(Class.java:3402)
	at java.base/java.lang.Class.getMethodsRecursive(Class.java:3543)
	at java.base/java.lang.Class.getMethod0(Class.java:3529)
	at java.base/java.lang.Class.getMethod(Class.java:2225)
	at org.hibernate.cfg.beanvalidation.BeanValidationIntegrator.integrate(BeanValidationIntegrator.java:113)
	at org.hibernate.internal.SessionFactoryImpl.<init>(SessionFactoryImpl.java:300)
	at org.hibernate.reactive.session.impl.ReactiveSessionFactoryImpl.<init>(ReactiveSessionFactoryImpl.java:33)
	at org.hibernate.reactive.provider.service.ReactiveSessionFactoryBuilder.build(ReactiveSessionFactoryBuilder.java:52)
	at org.hibernate.reactive.provider.impl.ReactiveEntityManagerFactoryBuilder.build(ReactiveEntityManagerFactoryBuilder.java:63)
	at org.hibernate.reactive.provider.ReactivePersistenceProvider.createEntityManagerFactory(ReactivePersistenceProvider.java:53)
	at javax.persistence.Persistence.createEntityManagerFactory(Persistence.java:79)
	at javax.persistence.Persistence.createEntityManagerFactory(Persistence.java:54)
	at l.y.reactive.database.DatabaseVerticle.initEmf$lambda-4(DatabaseVerticle.kt:48)
	at io.vertx.core.impl.ContextImpl.lambda$null$0(ContextImpl.java:159)
	at io.vertx.core.impl.AbstractContext.dispatch(AbstractContext.java:100)
	at io.vertx.core.impl.ContextImpl.lambda$executeBlocking$1(ContextImpl.java:157)
	at io.vertx.core.impl.TaskQueue.run(TaskQueue.java:76)
	at java.base/java.util.concurrent.ThreadPoolExecutor.runWorker(ThreadPoolExecutor.java:1136)
	at java.base/java.util.concurrent.ThreadPoolExecutor$Worker.run(ThreadPoolExecutor.java:635)
	at io.netty.util.concurrent.FastThreadLocalRunnable.run(FastThreadLocalRunnable.java:30)
	at java.base/java.lang.Thread.run(Thread.java:833)
Caused by: java.lang.ClassNotFoundException: javax.validation.ValidatorFactory
	at java.base/jdk.internal.loader.BuiltinClassLoader.loadClass(BuiltinClassLoader.java:641)
	at java.base/jdk.internal.loader.ClassLoaders$AppClassLoader.loadClass(ClassLoaders.java:188)
	at java.base/java.lang.ClassLoader.loadClass(ClassLoader.java:520)
	... 22 common frames omitted
2022-01-24 18:34:30.580 [vert.x-eventloop-thread-1] ERROR io.vertx.core.impl.ContextImpl - Unhandled exception
io.vertx.core.json.DecodeException: Mapping l.y.reactive.database.entity.Book  is not available without Jackson Databind on the classpath
	at io.vertx.core.json.jackson.JacksonCodec.fromValue(JacksonCodec.java:83)
	at io.vertx.core.json.JsonObject.mapTo(JsonObject.java:117)
	at l.y.reactive.database.DatabaseVerticle.createEventbusConsumer$lambda-10(DatabaseVerticle.kt:68)
	at io.vertx.core.impl.EventLoopContext.emit(EventLoopContext.java:50)
	at io.vertx.core.impl.DuplicatedContext.emit(DuplicatedContext.java:168)
	at io.vertx.core.eventbus.impl.MessageConsumerImpl.dispatch(MessageConsumerImpl.java:177)
	at io.vertx.core.eventbus.impl.HandlerRegistration$InboundDeliveryContext.next(HandlerRegistration.java:169)
	at io.vertx.core.eventbus.impl.HandlerRegistration$InboundDeliveryContext.dispatch(HandlerRegistration.java:134)
	at io.vertx.core.impl.AbstractContext.dispatch(AbstractContext.java:111)
	at io.vertx.core.eventbus.impl.HandlerRegistration.dispatch(HandlerRegistration.java:105)
	at io.vertx.core.eventbus.impl.MessageConsumerImpl.deliver(MessageConsumerImpl.java:183)
	at io.vertx.core.eventbus.impl.MessageConsumerImpl.doReceive(MessageConsumerImpl.java:168)
	at io.vertx.core.eventbus.impl.HandlerRegistration.lambda$receive$0(HandlerRegistration.java:56)
	at io.netty.util.concurrent.AbstractEventExecutor.safeExecute(AbstractEventExecutor.java:164)
	at io.netty.util.concurrent.SingleThreadEventExecutor.runAllTasks(SingleThreadEventExecutor.java:469)
	at io.netty.channel.nio.NioEventLoop.run(NioEventLoop.java:503)
	at io.netty.util.concurrent.SingleThreadEventExecutor$4.run(SingleThreadEventExecutor.java:986)
	at io.netty.util.internal.ThreadExecutorMap$2.run(ThreadExecutorMap.java:74)
	at io.netty.util.concurrent.FastThreadLocalRunnable.run(FastThreadLocalRunnable.java:30)
	at java.base/java.lang.Thread.run(Thread.java:833)
2022-01-24 18:35:00.604 [vert.x-eventloop-thread-0] ERROR i.v.c.impl.launcher.commands.VertxIsolatedDeployer - Timed out after waiting 30000(ms) for a reply. address: __vertx.reply.1, repliedAddress: book.post
2022-01-24 18:37:54.825 [vert.x-eventloop-thread-0] ERROR i.v.c.impl.launcher.commands.VertxIsolatedDeployer - Timed out after waiting 30000(ms) for a reply. address: __vertx.reply.1, repliedAddress: book.post
