2022-01-24 17:43:58.921 [vert.x-worker-thread-0] INFO  org.hibernate.jpa.internal.util.LogHelper - HHH000204: Processing PersistenceUnitInfo [name: postgresql-example]
2022-01-24 17:43:58.956 [vert.x-worker-thread-0] INFO  org.hibernate.Version - HHH000412: Hibernate ORM core version 5.6.3.Final
2022-01-24 17:43:59.065 [vert.x-worker-thread-0] INFO  org.hibernate.annotations.common.Version - HCANN000001: Hibernate Commons Annotations {5.1.2.Final}
2022-01-24 17:43:59.157 [vert.x-worker-thread-0] INFO  org.hibernate.dialect.Dialect - HHH000400: Using dialect: org.hibernate.dialect.PostgreSQL10Dialect
2022-01-24 17:43:59.348 [vert.x-worker-thread-0] INFO  o.h.reactive.provider.impl.ReactiveIntegrator - HR000001: Hibernate Reactive
2022-01-24 17:43:59.447 [vert.x-worker-thread-0] INFO  o.h.reactive.pool.impl.DefaultSqlClientPool - HR000011: SQL Client URL [jdbc:postgresql://localhost:5433/reactive]
2022-01-24 17:43:59.451 [vert.x-worker-thread-0] INFO  o.h.r.pool.impl.DefaultSqlClientPoolConfiguration - HR000025: Connection pool size: 10
2022-01-24 17:44:00.235 [vert.x-eventloop-thread-1] INFO  l.y.reactive.database.DatabaseVerticle - emf init succeed!
2022-01-24 17:44:00.235 [vert.x-eventloop-thread-0] INFO  i.v.c.impl.launcher.commands.VertxIsolatedDeployer - Succeeded in deploying verticle
2022-01-24 17:44:32.062 [vert.x-worker-thread-0] INFO  org.hibernate.jpa.internal.util.LogHelper - HHH000204: Processing PersistenceUnitInfo [name: postgresql-example]
2022-01-24 17:44:32.101 [vert.x-worker-thread-0] INFO  org.hibernate.Version - HHH000412: Hibernate ORM core version 5.6.3.Final
2022-01-24 17:44:32.213 [vert.x-worker-thread-0] INFO  org.hibernate.annotations.common.Version - HCANN000001: Hibernate Commons Annotations {5.1.2.Final}
2022-01-24 17:44:32.301 [vert.x-worker-thread-0] INFO  org.hibernate.dialect.Dialect - HHH000400: Using dialect: org.hibernate.dialect.PostgreSQL10Dialect
2022-01-24 17:44:32.471 [vert.x-worker-thread-0] INFO  o.h.reactive.provider.impl.ReactiveIntegrator - HR000001: Hibernate Reactive
2022-01-24 17:44:32.568 [vert.x-worker-thread-0] INFO  o.h.reactive.pool.impl.DefaultSqlClientPool - HR000011: SQL Client URL [jdbc:postgresql://localhost:5433/reactive]
2022-01-24 17:44:32.571 [vert.x-worker-thread-0] INFO  o.h.r.pool.impl.DefaultSqlClientPoolConfiguration - HR000025: Connection pool size: 10
2022-01-24 17:44:33.622 [vert.x-eventloop-thread-1] INFO  l.y.reactive.database.DatabaseVerticle - emf init succeed!
2022-01-24 17:44:33.622 [vert.x-eventloop-thread-0] INFO  i.v.c.impl.launcher.commands.VertxIsolatedDeployer - Succeeded in deploying verticle
2022-01-24 18:33:08.141 [vert.x-worker-thread-0] INFO  org.hibernate.jpa.internal.util.LogHelper - HHH000204: Processing PersistenceUnitInfo [name: postgresql-example]
2022-01-24 18:33:08.193 [vert.x-worker-thread-0] INFO  org.hibernate.Version - HHH000412: Hibernate ORM core version 5.6.3.Final
2022-01-24 18:33:08.327 [vert.x-worker-thread-0] INFO  org.hibernate.annotations.common.Version - HCANN000001: Hibernate Commons Annotations {5.1.2.Final}
2022-01-24 18:33:08.440 [vert.x-worker-thread-0] INFO  org.hibernate.dialect.Dialect - HHH000400: Using dialect: org.hibernate.dialect.PostgreSQL10Dialect
2022-01-24 18:33:42.515 [vert.x-worker-thread-0] INFO  org.hibernate.jpa.internal.util.LogHelper - HHH000204: Processing PersistenceUnitInfo [name: postgresql-example]
2022-01-24 18:33:42.548 [vert.x-worker-thread-0] INFO  org.hibernate.Version - HHH000412: Hibernate ORM core version 5.6.3.Final
2022-01-24 18:33:42.655 [vert.x-worker-thread-0] INFO  org.hibernate.annotations.common.Version - HCANN000001: Hibernate Commons Annotations {5.1.2.Final}
2022-01-24 18:33:42.741 [vert.x-worker-thread-0] INFO  org.hibernate.dialect.Dialect - HHH000400: Using dialect: org.hibernate.dialect.PostgreSQL10Dialect
2022-01-24 18:34:28.921 [vert.x-worker-thread-0] INFO  org.hibernate.jpa.internal.util.LogHelper - HHH000204: Processing PersistenceUnitInfo [name: postgresql-example]
2022-01-24 18:34:28.968 [vert.x-worker-thread-0] INFO  org.hibernate.Version - HHH000412: Hibernate ORM core version 5.6.3.Final
2022-01-24 18:34:29.099 [vert.x-worker-thread-0] INFO  org.hibernate.annotations.common.Version - HCANN000001: Hibernate Commons Annotations {5.1.2.Final}
2022-01-24 18:34:29.208 [vert.x-worker-thread-0] INFO  org.hibernate.dialect.Dialect - HHH000400: Using dialect: org.hibernate.dialect.PostgreSQL10Dialect
2022-01-24 18:34:29.437 [vert.x-worker-thread-0] INFO  o.h.reactive.provider.impl.ReactiveIntegrator - HR000001: Hibernate Reactive
2022-01-24 18:34:29.554 [vert.x-worker-thread-0] INFO  o.h.reactive.pool.impl.DefaultSqlClientPool - HR000011: SQL Client URL [jdbc:postgresql://localhost:5433/reactive]
2022-01-24 18:34:29.558 [vert.x-worker-thread-0] INFO  o.h.r.pool.impl.DefaultSqlClientPoolConfiguration - HR000025: Connection pool size: 10
2022-01-24 18:34:30.559 [vert.x-eventloop-thread-1] INFO  l.y.reactive.database.DatabaseVerticle - emf init succeed!
2022-01-24 18:37:23.232 [vert.x-worker-thread-0] INFO  org.hibernate.jpa.internal.util.LogHelper - HHH000204: Processing PersistenceUnitInfo [name: postgresql-example]
2022-01-24 18:37:23.273 [vert.x-worker-thread-0] INFO  org.hibernate.Version - HHH000412: Hibernate ORM core version 5.6.3.Final
2022-01-24 18:37:23.393 [vert.x-worker-thread-0] INFO  org.hibernate.annotations.common.Version - HCANN000001: Hibernate Commons Annotations {5.1.2.Final}
2022-01-24 18:37:23.491 [vert.x-worker-thread-0] INFO  org.hibernate.dialect.Dialect - HHH000400: Using dialect: org.hibernate.dialect.PostgreSQL10Dialect
2022-01-24 18:37:23.756 [vert.x-worker-thread-0] INFO  o.h.reactive.provider.impl.ReactiveIntegrator - HR000001: Hibernate Reactive
2022-01-24 18:37:23.893 [vert.x-worker-thread-0] INFO  o.h.reactive.pool.impl.DefaultSqlClientPool - HR000011: SQL Client URL [jdbc:postgresql://localhost:5433/reactive]
2022-01-24 18:37:23.896 [vert.x-worker-thread-0] INFO  o.h.r.pool.impl.DefaultSqlClientPoolConfiguration - HR000025: Connection pool size: 10
2022-01-24 18:37:24.803 [vert.x-eventloop-thread-1] INFO  l.y.reactive.database.DatabaseVerticle - emf init succeed!
2022-01-24 18:38:34.141 [vert.x-worker-thread-0] INFO  org.hibernate.jpa.internal.util.LogHelper - HHH000204: Processing PersistenceUnitInfo [name: postgresql-example]
2022-01-24 18:38:34.174 [vert.x-worker-thread-0] INFO  org.hibernate.Version - HHH000412: Hibernate ORM core version 5.6.3.Final
2022-01-24 18:38:34.281 [vert.x-worker-thread-0] INFO  org.hibernate.annotations.common.Version - HCANN000001: Hibernate Commons Annotations {5.1.2.Final}
2022-01-24 18:38:34.370 [vert.x-worker-thread-0] INFO  org.hibernate.dialect.Dialect - HHH000400: Using dialect: org.hibernate.dialect.PostgreSQL10Dialect
2022-01-24 18:38:34.537 [vert.x-worker-thread-0] INFO  o.h.reactive.provider.impl.ReactiveIntegrator - HR000001: Hibernate Reactive
2022-01-24 18:38:34.657 [vert.x-worker-thread-0] INFO  o.h.reactive.pool.impl.DefaultSqlClientPool - HR000011: SQL Client URL [jdbc:postgresql://localhost:5433/reactive]
2022-01-24 18:38:34.661 [vert.x-worker-thread-0] INFO  o.h.r.pool.impl.DefaultSqlClientPoolConfiguration - HR000025: Connection pool size: 10
2022-01-24 18:38:35.592 [vert.x-eventloop-thread-1] INFO  l.y.reactive.database.DatabaseVerticle - emf init succeed!
2022-01-24 18:38:35.841 [vert.x-eventloop-thread-1] INFO  l.y.reactive.database.DatabaseVerticle - post reply -> l.y.reactive.database.entity.Book@6b26ae45
2022-01-24 18:38:35.844 [vert.x-eventloop-thread-1] INFO  l.y.reactive.database.DatabaseVerticle - post reply -> l.y.reactive.database.entity.Book@61cf700d
2022-01-24 18:38:35.846 [vert.x-eventloop-thread-1] INFO  l.y.reactive.database.DatabaseVerticle - post reply -> l.y.reactive.database.entity.Book@506067a5
2022-01-24 18:38:35.853 [vert.x-eventloop-thread-1] INFO  l.y.reactive.database.DatabaseVerticle - post reply -> l.y.reactive.database.entity.Book@7cb49f38
2022-01-24 18:38:35.855 [vert.x-eventloop-thread-1] INFO  l.y.reactive.database.DatabaseVerticle - post reply -> l.y.reactive.database.entity.Book@5b2aa319
2022-01-24 18:38:35.857 [vert.x-eventloop-thread-1] INFO  l.y.reactive.database.DatabaseVerticle - post reply -> l.y.reactive.database.entity.Book@91bfd13
2022-01-24 18:38:35.859 [vert.x-eventloop-thread-1] INFO  l.y.reactive.database.DatabaseVerticle - post reply -> l.y.reactive.database.entity.Book@29acdad4
2022-01-24 18:38:35.861 [vert.x-eventloop-thread-1] INFO  l.y.reactive.database.DatabaseVerticle - post reply -> l.y.reactive.database.entity.Book@5f654109
2022-01-24 18:38:35.863 [vert.x-eventloop-thread-1] INFO  l.y.reactive.database.DatabaseVerticle - post reply -> l.y.reactive.database.entity.Book@135cc4e4
2022-01-24 18:38:35.865 [vert.x-eventloop-thread-1] INFO  l.y.reactive.database.DatabaseVerticle - post reply -> l.y.reactive.database.entity.Book@52b3b5f7
2022-01-24 18:38:35.868 [vert.x-eventloop-thread-1] INFO  l.y.reactive.database.DatabaseVerticle - reply it ![]
2022-01-24 18:38:35.868 [vert.x-eventloop-thread-1] INFO  l.y.reactive.database.DatabaseVerticle - get reply -> []
2022-01-24 18:38:35.869 [vert.x-eventloop-thread-0] INFO  i.v.c.impl.launcher.commands.VertxIsolatedDeployer - Succeeded in deploying verticle
2022-01-24 18:39:14.913 [vert.x-worker-thread-0] INFO  org.hibernate.jpa.internal.util.LogHelper - HHH000204: Processing PersistenceUnitInfo [name: postgresql-example]
2022-01-24 18:39:14.957 [vert.x-worker-thread-0] INFO  org.hibernate.Version - HHH000412: Hibernate ORM core version 5.6.3.Final
2022-01-24 18:39:15.100 [vert.x-worker-thread-0] INFO  org.hibernate.annotations.common.Version - HCANN000001: Hibernate Commons Annotations {5.1.2.Final}
2022-01-24 18:39:15.225 [vert.x-worker-thread-0] INFO  org.hibernate.dialect.Dialect - HHH000400: Using dialect: org.hibernate.dialect.PostgreSQL10Dialect
2022-01-24 18:39:15.437 [vert.x-worker-thread-0] INFO  o.h.reactive.provider.impl.ReactiveIntegrator - HR000001: Hibernate Reactive
2022-01-24 18:39:15.557 [vert.x-worker-thread-0] INFO  o.h.reactive.pool.impl.DefaultSqlClientPool - HR000011: SQL Client URL [jdbc:postgresql://localhost:5433/reactive]
2022-01-24 18:39:15.560 [vert.x-worker-thread-0] INFO  o.h.r.pool.impl.DefaultSqlClientPoolConfiguration - HR000025: Connection pool size: 10
2022-01-24 18:39:16.485 [vert.x-eventloop-thread-1] INFO  l.y.reactive.database.DatabaseVerticle - emf init succeed!
2022-01-24 18:39:16.703 [vert.x-eventloop-thread-1] INFO  l.y.reactive.database.DatabaseVerticle - post reply -> l.y.reactive.database.entity.Book@2c6b27e0
2022-01-24 18:39:16.706 [vert.x-eventloop-thread-1] INFO  l.y.reactive.database.DatabaseVerticle - post reply -> l.y.reactive.database.entity.Book@37098a8c
2022-01-24 18:39:16.712 [vert.x-eventloop-thread-1] INFO  l.y.reactive.database.DatabaseVerticle - post reply -> l.y.reactive.database.entity.Book@604069e2
2022-01-24 18:39:16.714 [vert.x-eventloop-thread-1] INFO  l.y.reactive.database.DatabaseVerticle - post reply -> l.y.reactive.database.entity.Book@2594d183
2022-01-24 18:39:16.717 [vert.x-eventloop-thread-1] INFO  l.y.reactive.database.DatabaseVerticle - post reply -> l.y.reactive.database.entity.Book@41ec67e3
2022-01-24 18:39:16.719 [vert.x-eventloop-thread-1] INFO  l.y.reactive.database.DatabaseVerticle - post reply -> l.y.reactive.database.entity.Book@7c29d6a9
2022-01-24 18:39:16.721 [vert.x-eventloop-thread-1] INFO  l.y.reactive.database.DatabaseVerticle - post reply -> l.y.reactive.database.entity.Book@29624fed
2022-01-24 18:39:16.723 [vert.x-eventloop-thread-1] INFO  l.y.reactive.database.DatabaseVerticle - post reply -> l.y.reactive.database.entity.Book@198b14
2022-01-24 18:39:16.725 [vert.x-eventloop-thread-1] INFO  l.y.reactive.database.DatabaseVerticle - post reply -> l.y.reactive.database.entity.Book@6693bc3c
2022-01-24 18:39:16.727 [vert.x-eventloop-thread-1] INFO  l.y.reactive.database.DatabaseVerticle - post reply -> l.y.reactive.database.entity.Book@44212fca
2022-01-24 18:39:16.730 [vert.x-eventloop-thread-1] INFO  l.y.reactive.database.DatabaseVerticle - reply it ![]
2022-01-24 18:39:16.730 [vert.x-eventloop-thread-1] INFO  l.y.reactive.database.DatabaseVerticle - get reply -> []
2022-01-24 18:39:16.731 [vert.x-eventloop-thread-0] INFO  i.v.c.impl.launcher.commands.VertxIsolatedDeployer - Succeeded in deploying verticle
2022-01-24 18:46:01.264 [vert.x-worker-thread-0] INFO  org.hibernate.jpa.internal.util.LogHelper - HHH000204: Processing PersistenceUnitInfo [name: postgresql-example]
2022-01-24 18:46:01.299 [vert.x-worker-thread-0] INFO  org.hibernate.Version - HHH000412: Hibernate ORM core version 5.6.3.Final
2022-01-24 18:46:01.410 [vert.x-worker-thread-0] INFO  org.hibernate.annotations.common.Version - HCANN000001: Hibernate Commons Annotations {5.1.2.Final}
2022-01-24 18:46:01.500 [vert.x-worker-thread-0] INFO  org.hibernate.dialect.Dialect - HHH000400: Using dialect: org.hibernate.dialect.PostgreSQL10Dialect
2022-01-24 18:46:01.682 [vert.x-worker-thread-0] INFO  o.h.reactive.provider.impl.ReactiveIntegrator - HR000001: Hibernate Reactive
2022-01-24 18:46:01.801 [vert.x-worker-thread-0] INFO  o.h.reactive.pool.impl.DefaultSqlClientPool - HR000011: SQL Client URL [jdbc:postgresql://localhost:5433/reactive]
2022-01-24 18:46:01.805 [vert.x-worker-thread-0] INFO  o.h.r.pool.impl.DefaultSqlClientPoolConfiguration - HR000025: Connection pool size: 10
2022-01-24 18:46:02.639 [vert.x-eventloop-thread-1] INFO  l.y.reactive.database.DatabaseVerticle - emf init succeed!
2022-01-24 18:46:02.882 [vert.x-eventloop-thread-1] INFO  l.y.reactive.database.DatabaseVerticle - post reply -> l.y.reactive.database.entity.Book@3270947d
2022-01-24 18:46:02.885 [vert.x-eventloop-thread-1] INFO  l.y.reactive.database.DatabaseVerticle - post reply -> l.y.reactive.database.entity.Book@40db56f3
2022-01-24 18:46:02.893 [vert.x-eventloop-thread-1] INFO  l.y.reactive.database.DatabaseVerticle - post reply -> l.y.reactive.database.entity.Book@48a8de78
2022-01-24 18:46:02.896 [vert.x-eventloop-thread-1] INFO  l.y.reactive.database.DatabaseVerticle - post reply -> l.y.reactive.database.entity.Book@37a26ccb
2022-01-24 18:46:02.898 [vert.x-eventloop-thread-1] INFO  l.y.reactive.database.DatabaseVerticle - post reply -> l.y.reactive.database.entity.Book@74d10b25
2022-01-24 18:46:02.901 [vert.x-eventloop-thread-1] INFO  l.y.reactive.database.DatabaseVerticle - post reply -> l.y.reactive.database.entity.Book@2f7fc837
2022-01-24 18:46:02.904 [vert.x-eventloop-thread-1] INFO  l.y.reactive.database.DatabaseVerticle - post reply -> l.y.reactive.database.entity.Book@38fc7ff4
2022-01-24 18:46:02.907 [vert.x-eventloop-thread-1] INFO  l.y.reactive.database.DatabaseVerticle - post reply -> l.y.reactive.database.entity.Book@1189813a
2022-01-24 18:46:02.909 [vert.x-eventloop-thread-1] INFO  l.y.reactive.database.DatabaseVerticle - post reply -> l.y.reactive.database.entity.Book@6bf62136
2022-01-24 18:46:02.912 [vert.x-eventloop-thread-1] INFO  l.y.reactive.database.DatabaseVerticle - post reply -> l.y.reactive.database.entity.Book@717797f7
2022-01-24 18:46:02.987 [vert.x-eventloop-thread-1] INFO  l.y.reactive.database.DatabaseVerticle - reply it ![l.y.reactive.database.entity.Book@3840ae68, l.y.reactive.database.entity.Book@645860d9, l.y.reactive.database.entity.Book@33d53ad2, l.y.reactive.database.entity.Book@4cf7913d, l.y.reactive.database.entity.Book@25c307ba, l.y.reactive.database.entity.Book@554d1446, l.y.reactive.database.entity.Book@570e738f, l.y.reactive.database.entity.Book@3d771b26, l.y.reactive.database.entity.Book@3435e5, l.y.reactive.database.entity.Book@3de6ee81, l.y.reactive.database.entity.Book@195060b9, l.y.reactive.database.entity.Book@1c7bf69e, l.y.reactive.database.entity.Book@3dc173e9, l.y.reactive.database.entity.Book@37d90036, l.y.reactive.database.entity.Book@2d96ebdc, l.y.reactive.database.entity.Book@6e9a37f6, l.y.reactive.database.entity.Book@58f25ff7, l.y.reactive.database.entity.Book@27553c6f, l.y.reactive.database.entity.Book@3d87fb52, l.y.reactive.database.entity.Book@21d5e93, l.y.reactive.database.entity.Book@48daa4c0, l.y.reactive.database.entity.Book@46e25ff0, l.y.reactive.database.entity.Book@44bd7115, l.y.reactive.database.entity.Book@2c3c46d7, l.y.reactive.database.entity.Book@315d0b34, l.y.reactive.database.entity.Book@6594cf30, l.y.reactive.database.entity.Book@4a8e3f4e, l.y.reactive.database.entity.Book@4cad236, l.y.reactive.database.entity.Book@5d176d30, l.y.reactive.database.entity.Book@1eb9c4ed]
2022-01-24 18:46:02.988 [vert.x-eventloop-thread-1] INFO  l.y.reactive.database.DatabaseVerticle - get reply -> [l.y.reactive.database.entity.Book@3840ae68, l.y.reactive.database.entity.Book@645860d9, l.y.reactive.database.entity.Book@33d53ad2, l.y.reactive.database.entity.Book@4cf7913d, l.y.reactive.database.entity.Book@25c307ba, l.y.reactive.database.entity.Book@554d1446, l.y.reactive.database.entity.Book@570e738f, l.y.reactive.database.entity.Book@3d771b26, l.y.reactive.database.entity.Book@3435e5, l.y.reactive.database.entity.Book@3de6ee81, l.y.reactive.database.entity.Book@195060b9, l.y.reactive.database.entity.Book@1c7bf69e, l.y.reactive.database.entity.Book@3dc173e9, l.y.reactive.database.entity.Book@37d90036, l.y.reactive.database.entity.Book@2d96ebdc, l.y.reactive.database.entity.Book@6e9a37f6, l.y.reactive.database.entity.Book@58f25ff7, l.y.reactive.database.entity.Book@27553c6f, l.y.reactive.database.entity.Book@3d87fb52, l.y.reactive.database.entity.Book@21d5e93, l.y.reactive.database.entity.Book@48daa4c0, l.y.reactive.database.entity.Book@46e25ff0, l.y.reactive.database.entity.Book@44bd7115, l.y.reactive.database.entity.Book@2c3c46d7, l.y.reactive.database.entity.Book@315d0b34, l.y.reactive.database.entity.Book@6594cf30, l.y.reactive.database.entity.Book@4a8e3f4e, l.y.reactive.database.entity.Book@4cad236, l.y.reactive.database.entity.Book@5d176d30, l.y.reactive.database.entity.Book@1eb9c4ed]
2022-01-24 18:46:02.988 [vert.x-eventloop-thread-0] INFO  i.v.c.impl.launcher.commands.VertxIsolatedDeployer - Succeeded in deploying verticle
2022-01-24 18:46:42.372 [vert.x-worker-thread-0] INFO  org.hibernate.jpa.internal.util.LogHelper - HHH000204: Processing PersistenceUnitInfo [name: postgresql-example]
2022-01-24 18:46:42.409 [vert.x-worker-thread-0] INFO  org.hibernate.Version - HHH000412: Hibernate ORM core version 5.6.3.Final
2022-01-24 18:46:42.528 [vert.x-worker-thread-0] INFO  org.hibernate.annotations.common.Version - HCANN000001: Hibernate Commons Annotations {5.1.2.Final}
2022-01-24 18:46:42.661 [vert.x-worker-thread-0] INFO  org.hibernate.dialect.Dialect - HHH000400: Using dialect: org.hibernate.dialect.PostgreSQL10Dialect
2022-01-24 18:46:42.942 [vert.x-worker-thread-0] INFO  o.h.reactive.provider.impl.ReactiveIntegrator - HR000001: Hibernate Reactive
2022-01-24 18:46:43.092 [vert.x-worker-thread-0] INFO  o.h.reactive.pool.impl.DefaultSqlClientPool - HR000011: SQL Client URL [jdbc:postgresql://localhost:5433/reactive]
2022-01-24 18:46:43.096 [vert.x-worker-thread-0] INFO  o.h.r.pool.impl.DefaultSqlClientPoolConfiguration - HR000025: Connection pool size: 10
2022-01-24 18:46:43.888 [vert.x-eventloop-thread-1] INFO  l.y.reactive.database.DatabaseVerticle - emf init succeed!
2022-01-24 18:46:44.137 [vert.x-eventloop-thread-1] INFO  l.y.reactive.database.DatabaseVerticle - post reply -> Book(id = 31 , price = 0.7008727485033022 , name = 5fc26c46-409e-407b-90d8-7fdf1f672857 , isbn = 815b9a1a-2082-443e-b9a1-f1a9e34a70bd )
2022-01-24 18:46:44.140 [vert.x-eventloop-thread-1] INFO  l.y.reactive.database.DatabaseVerticle - post reply -> Book(id = 32 , price = 0.8550333557692946 , name = f7867b7e-acff-420b-973c-4b9616579fff , isbn = c33f8e2a-c225-4ac9-b15f-1724bec9fd65 )
2022-01-24 18:46:44.143 [vert.x-eventloop-thread-1] INFO  l.y.reactive.database.DatabaseVerticle - post reply -> Book(id = 33 , price = 0.23682821037422863 , name = e53101ce-448b-45be-8b95-c18ec0a0c666 , isbn = 0dd4f747-0a87-4988-a314-29eb17ccee22 )
2022-01-24 18:46:44.149 [vert.x-eventloop-thread-1] INFO  l.y.reactive.database.DatabaseVerticle - post reply -> Book(id = 34 , price = 0.9426969561260169 , name = ab234d0d-d93f-4983-a57e-d551f387ca44 , isbn = c80a8cb2-689a-4788-b695-04d84241d02f )
2022-01-24 18:46:44.152 [vert.x-eventloop-thread-1] INFO  l.y.reactive.database.DatabaseVerticle - post reply -> Book(id = 35 , price = 0.9373916193532877 , name = bed77176-caff-4b02-a92b-177e8eb2d421 , isbn = 675a650b-f225-407e-9b11-1db1d29808f3 )
2022-01-24 18:46:44.154 [vert.x-eventloop-thread-1] INFO  l.y.reactive.database.DatabaseVerticle - post reply -> Book(id = 36 , price = 0.8792262668948998 , name = 696d1450-69bd-4a2a-9ced-745cd0d90478 , isbn = 52aba0e5-14ef-42e7-bb26-9d2ead9199e3 )
2022-01-24 18:46:44.156 [vert.x-eventloop-thread-1] INFO  l.y.reactive.database.DatabaseVerticle - post reply -> Book(id = 37 , price = 0.18072493026018677 , name = ebb5942c-0c24-44e7-be07-46ec0e156758 , isbn = 212f8bcd-c846-4da2-8eb4-744c80643928 )
2022-01-24 18:46:44.159 [vert.x-eventloop-thread-1] INFO  l.y.reactive.database.DatabaseVerticle - post reply -> Book(id = 38 , price = 0.21557389538250527 , name = 7178fda0-5351-4e09-8349-c6b4a0d83627 , isbn = 22fc4aec-90d2-4616-88cc-3cb20b7e1388 )
2022-01-24 18:46:44.162 [vert.x-eventloop-thread-1] INFO  l.y.reactive.database.DatabaseVerticle - post reply -> Book(id = 39 , price = 0.5999286832204214 , name = 079a884e-f403-41a8-b0ea-c61e5a5a9e9e , isbn = 99c05c62-8008-4129-a869-6a1e92d4f366 )
2022-01-24 18:46:44.164 [vert.x-eventloop-thread-1] INFO  l.y.reactive.database.DatabaseVerticle - post reply -> Book(id = 40 , price = 0.8861599612700093 , name = 951bc1dd-56d5-4850-8787-2c79eb3c7b67 , isbn = 269c62b3-45c8-4d62-a72d-0e545b5cf169 )
2022-01-24 18:46:44.241 [vert.x-eventloop-thread-1] INFO  l.y.reactive.database.DatabaseVerticle - reply it ![Book(id = 1 , price = 0.34165170847489457 , name = 253f2c60-315e-4929-ac24-5826fe861abd , isbn = 348089ce-6a57-4ea5-a7e9-2db478250676 ), Book(id = 2 , price = 0.3351711412166106 , name = 1eac89a9-87be-4180-ab46-507eb40dc6e0 , isbn = 936f7ee4-b266-4fdf-86c7-f9e1c948f6e7 ), Book(id = 3 , price = 0.04330766884734394 , name = ec849bcf-78d3-4d96-8149-ea7360a5d4e8 , isbn = 7bbcadd5-0b98-41ce-935c-637d9b475a0c ), Book(id = 4 , price = 0.2824589446231198 , name = 013b672f-f671-4952-82a3-ec45fb3c97ec , isbn = 29c701a8-c325-4bf8-be17-a9ff1c78b8f8 ), Book(id = 5 , price = 0.8709518757058152 , name = bcaf8e40-862b-4b81-897d-d678bcd58692 , isbn = 3f44f484-d97f-4ddc-8ae4-ef5570256efa ), Book(id = 6 , price = 0.036416966634080006 , name = 066e6c31-2077-4506-b1f8-44e7ccc711fe , isbn = dd8d6919-57f5-4e1c-9bf0-505093bd43f7 ), Book(id = 7 , price = 0.32127963338538257 , name = 58b5e212-e396-4659-8d81-61f6434d58c8 , isbn = 15dc293b-645c-4204-82f9-3117852a1310 ), Book(id = 8 , price = 0.5577357722007305 , name = f8fa0232-0080-45f8-b706-037dbd76d4d1 , isbn = 9a177748-ef5b-4a89-a700-b10c3e069779 ), Book(id = 9 , price = 0.13362793581658416 , name = 1b684c64-52d3-4a37-849e-e4e3a1586f04 , isbn = 8cac670f-4064-41f3-8b1a-d00cf9ee3da6 ), Book(id = 10 , price = 0.7513953017300284 , name = 22d07914-7a9c-4af5-b40e-ea3f8096babb , isbn = 8876ad9a-6b49-4cdd-aeeb-372dd080880e ), Book(id = 11 , price = 0.049197030485081394 , name = 3bea1223-252a-46ca-a03f-bdda0d7278ec , isbn = 7531db1e-6b8c-4435-a6a8-024e26d4ba36 ), Book(id = 12 , price = 0.4930652470332051 , name = a206a254-6358-4815-aa66-ede3bbe97d7e , isbn = 7b501cec-1822-4ad6-8df7-ad192c4b4312 ), Book(id = 13 , price = 0.7518142054581687 , name = 1431c568-e3d4-4495-8d57-efc40992bdfa , isbn = 8c4d01e9-2613-4846-af44-b222129290fa ), Book(id = 14 , price = 0.9461012263356283 , name = e71b00f7-f208-47d1-aa53-cfc54c9bfd83 , isbn = df3d7ca0-509a-4be8-a685-293d2d3c48c1 ), Book(id = 15 , price = 0.21342855347752798 , name = bc15abce-0664-4e9a-8e2a-3da194c1d4e6 , isbn = 67b8b13c-aa00-4bfa-90d6-0d6ac7774304 ), Book(id = 16 , price = 0.4279257035577717 , name = a08eef4e-ae13-4a31-943c-aa82a7814613 , isbn = 4ed9ae05-c274-4808-a1ec-6f6145eb09cd ), Book(id = 17 , price = 0.30133661781735466 , name = b901ba71-b856-4b48-b133-4aefd9dd68bf , isbn = a88659b9-bb09-4091-afa4-b840810590ae ), Book(id = 18 , price = 0.7553890525578961 , name = a7c53a09-e5ac-4b17-a6c4-f9368ab07aba , isbn = 64c80f7b-6758-4a01-8516-dc7fb04dfe91 ), Book(id = 19 , price = 0.24011632421177986 , name = 9bb27a1d-c921-4225-9138-f9c31f4150fd , isbn = 2200a19b-1d4d-44d7-82d3-59fe6ad8e93c ), Book(id = 20 , price = 0.5479507732534016 , name = f6d9783e-fe6c-4fce-893b-3a66fb8923cb , isbn = 2e53a4f3-2cd6-4123-999c-a37141fc3729 ), Book(id = 21 , price = 0.2605316022083489 , name = 469f84b7-80e0-4c61-9646-e22eb90d2fa5 , isbn = 65fc7054-3aa4-48e3-8f53-9c0ddc531eea ), Book(id = 22 , price = 0.3872304751781388 , name = 1cf4b0e8-7ed0-4950-91ea-9f167b9aa7c3 , isbn = d8d0b3d4-7e50-4ca1-8bd3-e82b5957f028 ), Book(id = 23 , price = 0.4811463862614648 , name = 8ba94f36-51a1-41d6-9685-1350fe4a34dd , isbn = 710616a7-d438-4b16-8f91-3f671caf5569 ), Book(id = 24 , price = 0.21350876379478123 , name = 26ecbf0c-6e34-474d-805c-31a90a0930f0 , isbn = 7012e4bc-4b15-4a5b-b594-cda0de4f2afe ), Book(id = 25 , price = 0.49688567615170465 , name = 31185ad8-93d6-4885-a04b-b047aac7a321 , isbn = d6590cf7-6655-46b6-9814-fd5eed52cb01 ), Book(id = 26 , price = 0.4109678166997851 , name = 51820d93-3972-47bc-93c6-c473ff5a2cfa , isbn = 4884f6ee-b329-4353-a20b-c40ab63eaef4 ), Book(id = 27 , price = 0.15134051582046038 , name = 8efa0183-6d00-44c1-a3ad-20b1282996dd , isbn = 0a0e7236-ec8f-4851-8bbd-06880e080e82 ), Book(id = 28 , price = 0.23676207986878106 , name = 93b18bf8-25dd-429b-9368-c39a3faca824 , isbn = ecbad13a-1318-4a8a-8cdd-62b0445aa440 ), Book(id = 29 , price = 0.3176006924511914 , name = 72de7280-91e1-4aa9-a274-0317249f7625 , isbn = 0371d8e1-846e-4a67-bdd1-9ec670f1739b ), Book(id = 30 , price = 0.11902402088443687 , name = 7d4cdb66-8ffd-425a-bd7e-b55e8fda1999 , isbn = 3f1b37a2-6c5b-4b25-8730-5bf37de858f3 ), Book(id = 31 , price = 0.7008727485033022 , name = 5fc26c46-409e-407b-90d8-7fdf1f672857 , isbn = 815b9a1a-2082-443e-b9a1-f1a9e34a70bd ), Book(id = 32 , price = 0.8550333557692946 , name = f7867b7e-acff-420b-973c-4b9616579fff , isbn = c33f8e2a-c225-4ac9-b15f-1724bec9fd65 ), Book(id = 33 , price = 0.23682821037422863 , name = e53101ce-448b-45be-8b95-c18ec0a0c666 , isbn = 0dd4f747-0a87-4988-a314-29eb17ccee22 ), Book(id = 34 , price = 0.9426969561260169 , name = ab234d0d-d93f-4983-a57e-d551f387ca44 , isbn = c80a8cb2-689a-4788-b695-04d84241d02f ), Book(id = 35 , price = 0.9373916193532877 , name = bed77176-caff-4b02-a92b-177e8eb2d421 , isbn = 675a650b-f225-407e-9b11-1db1d29808f3 ), Book(id = 36 , price = 0.8792262668948998 , name = 696d1450-69bd-4a2a-9ced-745cd0d90478 , isbn = 52aba0e5-14ef-42e7-bb26-9d2ead9199e3 ), Book(id = 37 , price = 0.18072493026018677 , name = ebb5942c-0c24-44e7-be07-46ec0e156758 , isbn = 212f8bcd-c846-4da2-8eb4-744c80643928 ), Book(id = 38 , price = 0.21557389538250527 , name = 7178fda0-5351-4e09-8349-c6b4a0d83627 , isbn = 22fc4aec-90d2-4616-88cc-3cb20b7e1388 ), Book(id = 39 , price = 0.5999286832204214 , name = 079a884e-f403-41a8-b0ea-c61e5a5a9e9e , isbn = 99c05c62-8008-4129-a869-6a1e92d4f366 ), Book(id = 40 , price = 0.8861599612700093 , name = 951bc1dd-56d5-4850-8787-2c79eb3c7b67 , isbn = 269c62b3-45c8-4d62-a72d-0e545b5cf169 )]
2022-01-24 18:46:44.241 [vert.x-eventloop-thread-1] INFO  l.y.reactive.database.DatabaseVerticle - get reply -> [Book(id = 1 , price = 0.34165170847489457 , name = 253f2c60-315e-4929-ac24-5826fe861abd , isbn = 348089ce-6a57-4ea5-a7e9-2db478250676 ), Book(id = 2 , price = 0.3351711412166106 , name = 1eac89a9-87be-4180-ab46-507eb40dc6e0 , isbn = 936f7ee4-b266-4fdf-86c7-f9e1c948f6e7 ), Book(id = 3 , price = 0.04330766884734394 , name = ec849bcf-78d3-4d96-8149-ea7360a5d4e8 , isbn = 7bbcadd5-0b98-41ce-935c-637d9b475a0c ), Book(id = 4 , price = 0.2824589446231198 , name = 013b672f-f671-4952-82a3-ec45fb3c97ec , isbn = 29c701a8-c325-4bf8-be17-a9ff1c78b8f8 ), Book(id = 5 , price = 0.8709518757058152 , name = bcaf8e40-862b-4b81-897d-d678bcd58692 , isbn = 3f44f484-d97f-4ddc-8ae4-ef5570256efa ), Book(id = 6 , price = 0.036416966634080006 , name = 066e6c31-2077-4506-b1f8-44e7ccc711fe , isbn = dd8d6919-57f5-4e1c-9bf0-505093bd43f7 ), Book(id = 7 , price = 0.32127963338538257 , name = 58b5e212-e396-4659-8d81-61f6434d58c8 , isbn = 15dc293b-645c-4204-82f9-3117852a1310 ), Book(id = 8 , price = 0.5577357722007305 , name = f8fa0232-0080-45f8-b706-037dbd76d4d1 , isbn = 9a177748-ef5b-4a89-a700-b10c3e069779 ), Book(id = 9 , price = 0.13362793581658416 , name = 1b684c64-52d3-4a37-849e-e4e3a1586f04 , isbn = 8cac670f-4064-41f3-8b1a-d00cf9ee3da6 ), Book(id = 10 , price = 0.7513953017300284 , name = 22d07914-7a9c-4af5-b40e-ea3f8096babb , isbn = 8876ad9a-6b49-4cdd-aeeb-372dd080880e ), Book(id = 11 , price = 0.049197030485081394 , name = 3bea1223-252a-46ca-a03f-bdda0d7278ec , isbn = 7531db1e-6b8c-4435-a6a8-024e26d4ba36 ), Book(id = 12 , price = 0.4930652470332051 , name = a206a254-6358-4815-aa66-ede3bbe97d7e , isbn = 7b501cec-1822-4ad6-8df7-ad192c4b4312 ), Book(id = 13 , price = 0.7518142054581687 , name = 1431c568-e3d4-4495-8d57-efc40992bdfa , isbn = 8c4d01e9-2613-4846-af44-b222129290fa ), Book(id = 14 , price = 0.9461012263356283 , name = e71b00f7-f208-47d1-aa53-cfc54c9bfd83 , isbn = df3d7ca0-509a-4be8-a685-293d2d3c48c1 ), Book(id = 15 , price = 0.21342855347752798 , name = bc15abce-0664-4e9a-8e2a-3da194c1d4e6 , isbn = 67b8b13c-aa00-4bfa-90d6-0d6ac7774304 ), Book(id = 16 , price = 0.4279257035577717 , name = a08eef4e-ae13-4a31-943c-aa82a7814613 , isbn = 4ed9ae05-c274-4808-a1ec-6f6145eb09cd ), Book(id = 17 , price = 0.30133661781735466 , name = b901ba71-b856-4b48-b133-4aefd9dd68bf , isbn = a88659b9-bb09-4091-afa4-b840810590ae ), Book(id = 18 , price = 0.7553890525578961 , name = a7c53a09-e5ac-4b17-a6c4-f9368ab07aba , isbn = 64c80f7b-6758-4a01-8516-dc7fb04dfe91 ), Book(id = 19 , price = 0.24011632421177986 , name = 9bb27a1d-c921-4225-9138-f9c31f4150fd , isbn = 2200a19b-1d4d-44d7-82d3-59fe6ad8e93c ), Book(id = 20 , price = 0.5479507732534016 , name = f6d9783e-fe6c-4fce-893b-3a66fb8923cb , isbn = 2e53a4f3-2cd6-4123-999c-a37141fc3729 ), Book(id = 21 , price = 0.2605316022083489 , name = 469f84b7-80e0-4c61-9646-e22eb90d2fa5 , isbn = 65fc7054-3aa4-48e3-8f53-9c0ddc531eea ), Book(id = 22 , price = 0.3872304751781388 , name = 1cf4b0e8-7ed0-4950-91ea-9f167b9aa7c3 , isbn = d8d0b3d4-7e50-4ca1-8bd3-e82b5957f028 ), Book(id = 23 , price = 0.4811463862614648 , name = 8ba94f36-51a1-41d6-9685-1350fe4a34dd , isbn = 710616a7-d438-4b16-8f91-3f671caf5569 ), Book(id = 24 , price = 0.21350876379478123 , name = 26ecbf0c-6e34-474d-805c-31a90a0930f0 , isbn = 7012e4bc-4b15-4a5b-b594-cda0de4f2afe ), Book(id = 25 , price = 0.49688567615170465 , name = 31185ad8-93d6-4885-a04b-b047aac7a321 , isbn = d6590cf7-6655-46b6-9814-fd5eed52cb01 ), Book(id = 26 , price = 0.4109678166997851 , name = 51820d93-3972-47bc-93c6-c473ff5a2cfa , isbn = 4884f6ee-b329-4353-a20b-c40ab63eaef4 ), Book(id = 27 , price = 0.15134051582046038 , name = 8efa0183-6d00-44c1-a3ad-20b1282996dd , isbn = 0a0e7236-ec8f-4851-8bbd-06880e080e82 ), Book(id = 28 , price = 0.23676207986878106 , name = 93b18bf8-25dd-429b-9368-c39a3faca824 , isbn = ecbad13a-1318-4a8a-8cdd-62b0445aa440 ), Book(id = 29 , price = 0.3176006924511914 , name = 72de7280-91e1-4aa9-a274-0317249f7625 , isbn = 0371d8e1-846e-4a67-bdd1-9ec670f1739b ), Book(id = 30 , price = 0.11902402088443687 , name = 7d4cdb66-8ffd-425a-bd7e-b55e8fda1999 , isbn = 3f1b37a2-6c5b-4b25-8730-5bf37de858f3 ), Book(id = 31 , price = 0.7008727485033022 , name = 5fc26c46-409e-407b-90d8-7fdf1f672857 , isbn = 815b9a1a-2082-443e-b9a1-f1a9e34a70bd ), Book(id = 32 , price = 0.8550333557692946 , name = f7867b7e-acff-420b-973c-4b9616579fff , isbn = c33f8e2a-c225-4ac9-b15f-1724bec9fd65 ), Book(id = 33 , price = 0.23682821037422863 , name = e53101ce-448b-45be-8b95-c18ec0a0c666 , isbn = 0dd4f747-0a87-4988-a314-29eb17ccee22 ), Book(id = 34 , price = 0.9426969561260169 , name = ab234d0d-d93f-4983-a57e-d551f387ca44 , isbn = c80a8cb2-689a-4788-b695-04d84241d02f ), Book(id = 35 , price = 0.9373916193532877 , name = bed77176-caff-4b02-a92b-177e8eb2d421 , isbn = 675a650b-f225-407e-9b11-1db1d29808f3 ), Book(id = 36 , price = 0.8792262668948998 , name = 696d1450-69bd-4a2a-9ced-745cd0d90478 , isbn = 52aba0e5-14ef-42e7-bb26-9d2ead9199e3 ), Book(id = 37 , price = 0.18072493026018677 , name = ebb5942c-0c24-44e7-be07-46ec0e156758 , isbn = 212f8bcd-c846-4da2-8eb4-744c80643928 ), Book(id = 38 , price = 0.21557389538250527 , name = 7178fda0-5351-4e09-8349-c6b4a0d83627 , isbn = 22fc4aec-90d2-4616-88cc-3cb20b7e1388 ), Book(id = 39 , price = 0.5999286832204214 , name = 079a884e-f403-41a8-b0ea-c61e5a5a9e9e , isbn = 99c05c62-8008-4129-a869-6a1e92d4f366 ), Book(id = 40 , price = 0.8861599612700093 , name = 951bc1dd-56d5-4850-8787-2c79eb3c7b67 , isbn = 269c62b3-45c8-4d62-a72d-0e545b5cf169 )]
2022-01-24 18:46:44.241 [vert.x-eventloop-thread-0] INFO  i.v.c.impl.launcher.commands.VertxIsolatedDeployer - Succeeded in deploying verticle
